<?xml version="1.0" encoding="UTF-8"?>
<testng-results ignored="0" total="1" passed="1" failed="0" skipped="0">
  <reporter-output>
  </reporter-output>
  <suite started-at="2023-04-25T23:34:44 IST" name="Default suite" finished-at="2023-04-25T23:35:20 IST" duration-ms="36330">
    <groups>
    </groups>
    <test started-at="2023-04-25T23:34:44 IST" name="Default test" finished-at="2023-04-25T23:35:20 IST" duration-ms="36330">
      <class name="Jenkins.MultipleElements">
        <test-method signature="elements()[pri:0, instance:Jenkins.MultipleElements@7714e963]" started-at="2023-04-25T23:34:44 IST" name="elements" finished-at="2023-04-25T23:35:18 IST" duration-ms="34440" status="PASS">
          <reporter-output>
          </reporter-output>
        </test-method> <!-- elements -->
      </class> <!-- Jenkins.MultipleElements -->
    </test> <!-- Default test -->
  </suite> <!-- Default suite -->
</testng-results>
